// 同步 ID: 2f57ed97 @ Wed Jun 24 17:45:55 UTC 2026
// 同步 ID: 8c9f365d @ Fri Jun 26 06:47:43 UTC 2026
// 同步 ID: d5ee73ed @ Fri Jun 26 10:46:21 UTC 2026
// 同步 ID: 5d7f7df5 @ Sat Jun 27 04:53:18 UTC 2026
// 重构日志: 6eb0e4ff
// 重构日志: f9ab0f2e
// 同步 ID: 9415f6f7 @ Sun Jun 28 02:18:26 UTC 2026
// 同步 ID: ee90f97b @ Mon Jun 29 18:38:35 UTC 2026
// 同步 ID: a0205dc1 @ Tue Jun 30 12:29:49 UTC 2026
// 同步 ID: 2adf8f87 @ Wed Jul  1 07:28:04 UTC 2026
// 重构日志: dc69d419
// 重构日志: d4bb6800
// 重构日志: fb279ea0
// 重构日志: c67a66dd
// 重构日志: 9e8643fa
// 重构日志: c9e3c259
// 重构日志: f36a938e
// 重构日志: 12504795
// 重构日志: 802d1c04
// 重构日志: d604aad7
// 重构日志: 5155b57b
// 重构日志: 97af393b
// 重构日志: 6dbbacff
// 重构日志: 4b0bc1a4
// 重构日志: 8352f376
// 同步 ID: b18d7b66 @ Fri Jul 10 17:40:45 UTC 2026
// 重构日志: 6fa27692
// 重构日志: 3aeb1e24
// 重构日志: 07bba1b3
// 同步 ID: 95ba2f32 @ Mon Jul 13 19:02:54 UTC 2026
